<?xml version="1.0" encoding="UTF-8"?>
<!-- Generated by org.testng.reporters.JUnitXMLReporter -->
<testsuite ignored="5" hostname="MacBook-Pro-user-3.local" failures="0" tests="1" name="Command line test" time="0.036" errors="0" timestamp="2021-11-07T19:05:46 MSK">
  <testcase classname="zoo.AnimalTest" name="testSpeaks" time="0.009"/>
  <testcase classname="zoo.SharkTest" name="testSwim" time="0.0">
    <ignored/>
  </testcase> <!-- testSwim -->
  <testcase classname="zoo.BirdTest" name="testSpeaks" time="0.0">
    <ignored/>
  </testcase> <!-- testSpeaks -->
  <testcase classname="zoo.BirdTest" name="testFly" time="0.0">
    <ignored/>
  </testcase> <!-- testFly -->
  <testcase classname="zoo.SharkTest" name="testHunt" time="0.0">
    <ignored/>
  </testcase> <!-- testHunt -->
  <testcase classname="zoo.SharkTest" name="testSpeaks" time="0.0">
    <ignored/>
  </testcase> <!-- testSpeaks -->
</testsuite> <!-- Command line test -->
