<?xml version="1.0" encoding="UTF-8"?>
<testng-results ignored="5" total="6" passed="1" failed="0" skipped="0">
  <reporter-output>
  </reporter-output>
  <suite started-at="2021-11-07T19:05:46 MSK" name="Command line suite" finished-at="2021-11-07T19:05:46 MSK" duration-ms="36">
    <groups>
      <group name="Sanity">
        <method signature="AnimalTest.testSpeaks()[pri:0, instance:zoo.AnimalTest@7113b13f]" name="testSpeaks" class="zoo.AnimalTest"/>
      </group> <!-- Sanity -->
      <group name="Regression">
        <method signature="AnimalTest.testSpeaks()[pri:0, instance:zoo.AnimalTest@7113b13f]" name="testSpeaks" class="zoo.AnimalTest"/>
      </group> <!-- Regression -->
      <group name="Smoke">
        <method signature="AnimalTest.testSpeaks()[pri:0, instance:zoo.AnimalTest@7113b13f]" name="testSpeaks" class="zoo.AnimalTest"/>
      </group> <!-- Smoke -->
    </groups>
    <test started-at="2021-11-07T19:05:46 MSK" name="Command line test" finished-at="2021-11-07T19:05:46 MSK" duration-ms="36">
      <class name="zoo.AnimalTest">
        <test-method signature="testSpeaks()[pri:0, instance:zoo.AnimalTest@7113b13f]" started-at="2021-11-07T19:05:46 MSK" name="testSpeaks" finished-at="2021-11-07T19:05:46 MSK" duration-ms="9" status="PASS">
          <reporter-output>
          </reporter-output>
        </test-method> <!-- testSpeaks -->
      </class> <!-- zoo.AnimalTest -->
    </test> <!-- Command line test -->
  </suite> <!-- Command line suite -->
</testng-results>
